2023-03-23 21:52:01 INFO  {"reqObject":{"method":"GET","path":"/","param":{},"body":{}},"resObject":{"statusCode":200}} 
2023-03-23 21:52:01 INFO  {"reqObject":{"method":"GET","path":"/favicon.ico","param":{},"body":{}},"resObject":{"statusCode":200}} 
2023-03-23 21:52:50 INFO  {"reqObject":{"method":"GET","path":"/chat","param":{},"body":{}},"resObject":{"statusCode":200}} 
2023-03-23 21:53:10 INFO  {"reqObject":{"method":"GET","path":"/chat","param":{},"body":{}},"resObject":{"statusCode":200}} 
2023-03-23 21:57:17 INFO  {"reqObject":{"method":"GET","path":"/","param":{},"body":{}},"resObject":{"statusCode":200}} 
2023-03-23 22:00:43 INFO  {"reqObject":{"method":"GET","path":"/chat","param":{},"body":{"question":"hi"}},"resObject":{"statusCode":200}} 
2023-03-23 22:00:47 INFO  {"reqObject":{"method":"POST","path":"/chat","param":{},"body":{"question":"hi"}},"resObject":{"statusCode":200}} 
2023-03-23 22:01:02 INFO  {"reqObject":{"method":"POST","path":"/chat","param":{},"body":{"question":"hi"}},"resObject":{"statusCode":200}} 
2023-03-23 22:01:33 INFO  {"reqObject":{"method":"POST","path":"/chat","param":{},"body":{"question":"hi"}},"resObject":{"statusCode":200}} 
2023-03-23 22:02:22 INFO  {"reqObject":{"method":"POST","path":"/chat","param":{},"body":{"question":"hi"}},"resObject":{"statusCode":200}} 
2023-03-23 22:02:48 INFO  {"reqObject":{"method":"POST","path":"/","param":{},"body":{"question":"hi"}},"resObject":{"statusCode":200}} 
2023-03-23 22:03:31 INFO  {"reqObject":{"method":"POST","path":"/","param":{},"body":{"body":"hi"}},"resObject":{"statusCode":200}} 
2023-03-23 22:03:46 INFO  {"reqObject":{"method":"POST","path":"/","param":{},"body":{"key":"hi"}},"resObject":{"statusCode":200}} 
2023-03-23 22:04:15 INFO  {"reqObject":{"method":"POST","path":"/chat","param":{},"body":{"question":"hi"}},"resObject":{"statusCode":200}} 
2023-03-23 22:04:23 INFO  {"reqObject":{"method":"POST","path":"/chat","param":{},"body":{"question":"hi"}},"resObject":{"statusCode":200}} 
2023-03-23 22:04:44 INFO  {"reqObject":{"method":"POST","path":"/chat","param":{},"body":{"question":"hi"}},"resObject":{"statusCode":200}} 
2023-03-23 22:05:07 INFO  {"reqObject":{"method":"POST","path":"/chat","param":{},"body":{"question":"hi"}},"resObject":{"statusCode":200}} 
2023-03-23 22:05:13 INFO  {"reqObject":{"method":"POST","path":"/chat","param":{},"body":{"question":"hi"}},"resObject":{"statusCode":200}} 
2023-03-23 22:06:10 INFO  {"reqObject":{"method":"POST","path":"/chat","param":{},"body":{"question":"hi"}},"resObject":{"statusCode":200}} 
2023-03-23 22:06:35 INFO  {"reqObject":{"method":"POST","path":"/chat","param":{},"body":{"question":"hi"}},"resObject":{"statusCode":200}} 
2023-03-23 22:07:35 INFO  {"reqObject":{"method":"POST","path":"/chat","param":{},"body":{"question":"hi"}},"resObject":{"statusCode":200}} 
2023-03-23 22:07:59 INFO  {"reqObject":{"method":"POST","path":"/chat","param":{},"body":{"question":"hi"}},"resObject":{"statusCode":200}} 
2023-03-23 22:08:18 INFO  {"reqObject":{"method":"POST","path":"/chat","param":{},"body":{"question":"hi"}},"resObject":{"statusCode":200}} 
2023-03-23 22:08:49 INFO  {"reqObject":{"method":"POST","path":"/chat","param":{},"body":{"question":"hi"}},"resObject":{"statusCode":200}} 
2023-03-23 22:10:33 INFO  {"reqObject":{"method":"POST","path":"/chat","param":{},"body":{"question":"hi"}},"resObject":{"statusCode":200}} 
2023-03-23 22:10:47 INFO  {"reqObject":{"method":"POST","path":"/chat","param":{},"body":{"question":"hi"}},"resObject":{"statusCode":200}} 
2023-03-23 22:11:30 INFO  {"reqObject":{"method":"POST","path":"/chat","param":{},"body":{"question":"hi"}},"resObject":{"statusCode":200}} 
2023-03-23 22:12:33 INFO  {"reqObject":{"method":"POST","path":"/chat","param":{},"body":{"question":"hi"}},"resObject":{"statusCode":200}} 
2023-03-23 22:13:13 INFO  {"reqObject":{"method":"POST","path":"/chat","param":{},"body":{"question":"hi"}},"resObject":{"statusCode":200}} 
2023-03-23 22:13:43 INFO  {"reqObject":{"method":"POST","path":"/chat","param":{},"body":{"question":"hi"}},"resObject":{"statusCode":200}} 
2023-03-23 22:13:50 INFO  {"reqObject":{"method":"POST","path":"/chat","param":{},"body":{"question":"hi"}},"resObject":{"statusCode":200}} 
2023-03-23 22:14:42 INFO  {"reqObject":{"method":"POST","path":"/chat","param":{},"body":{"question":"hi"}},"resObject":{"statusCode":200}} 
2023-03-23 22:14:48 INFO  {"reqObject":{"method":"POST","path":"/chat","param":{},"body":{"question":"hi"}},"resObject":{"statusCode":200}} 
2023-03-23 22:15:00 INFO  {"reqObject":{"method":"POST","path":"/chat","param":{},"body":{"question":"hi"}},"resObject":{"statusCode":200}} 
2023-03-23 22:15:11 INFO  {"reqObject":{"method":"POST","path":"/chat","param":{},"body":{"question":"hi"}},"resObject":{"statusCode":200}} 
2023-03-23 22:16:00 INFO  {"reqObject":{"method":"POST","path":"/chat","param":{},"body":{"question":"hi"}},"resObject":{"statusCode":200}} 
2023-03-23 22:16:15 INFO  {"reqObject":{"method":"POST","path":"/chat","param":{},"body":{"question":"hi"}},"resObject":{"statusCode":200}} 
2023-03-23 22:16:59 INFO  {"reqObject":{"method":"POST","path":"/chat","param":{},"body":{"question":"hi"}},"resObject":{"statusCode":200}} 
2023-03-23 22:17:25 INFO  {"reqObject":{"method":"POST","path":"/chat","param":{},"body":{"question":"hi"}},"resObject":{"statusCode":200}} 
2023-03-23 22:22:18 INFO  {"reqObject":{"method":"POST","path":"/chat","param":{},"body":{"question":"asd"}},"resObject":{"statusCode":200}} 
2023-03-23 22:23:09 INFO  {"reqObject":{"method":"POST","path":"/chat","param":{},"body":{"question":"hi"}},"resObject":{"statusCode":200}} 
2023-03-23 22:24:14 INFO  {"reqObject":{"method":"POST","path":"/chat","param":{},"body":{"question":"hi"}},"resObject":{"statusCode":200}} 
2023-03-23 22:25:12 INFO  {"reqObject":{"method":"POST","path":"/chat","param":{},"body":{"question":"hi"}},"resObject":{"statusCode":200}} 
2023-03-23 22:25:55 INFO  {"reqObject":{"method":"POST","path":"/chat","param":{},"body":{"question":"how are you"}},"resObject":{"statusCode":200}} 
2023-03-23 22:26:11 INFO  {"reqObject":{"method":"POST","path":"/chat","param":{},"body":{"question":"hi"}},"resObject":{"statusCode":200}} 
2023-03-23 22:26:48 INFO  {"reqObject":{"method":"POST","path":"/chat","param":{},"body":{"question":"hi"}},"resObject":{"statusCode":200}} 
2023-03-23 22:26:59 INFO  {"reqObject":{"method":"POST","path":"/chat","param":{},"body":{"question":"ho"}},"resObject":{"statusCode":200}} 
2023-03-23 22:27:11 INFO  {"reqObject":{"method":"POST","path":"/chat","param":{},"body":{"question":"hi"}},"resObject":{"statusCode":200}} 
2023-03-23 22:27:35 INFO  {"reqObject":{"method":"POST","path":"/chat","param":{},"body":{"question":"hi"}},"resObject":{"statusCode":200}} 
2023-03-23 22:28:56 INFO  {"reqObject":{"method":"POST","path":"/chat","param":{},"body":{"question":"hi"}},"resObject":{"statusCode":200}} 
2023-03-23 22:29:21 INFO  {"reqObject":{"method":"POST","path":"/chat","param":{},"body":{"question":"hi"}},"resObject":{"statusCode":200}} 
2023-03-23 22:29:37 INFO  {"reqObject":{"method":"POST","path":"/chat","param":{},"body":{"question":"what is today?"}},"resObject":{"statusCode":200}} 
2023-03-23 22:31:51 INFO  {"reqObject":{"method":"POST","path":"/chat","param":{},"body":{"question":"hi"}},"resObject":{"statusCode":200}} 
2023-03-23 22:35:37 INFO  {"reqObject":{"method":"POST","path":"/chat","param":{},"body":{"question":"hi"}},"resObject":{"statusCode":200}} 
2023-03-23 22:36:34 INFO  {"reqObject":{"method":"POST","path":"/chat","param":{},"body":{"question":"hi"}},"resObject":{"statusCode":200}} 
2023-03-23 22:40:54 INFO  {"reqObject":{"method":"POST","path":"/chat","param":{},"body":{"question":"hi"}},"resObject":{"statusCode":200}} 
2023-03-23 22:41:10 INFO  {"reqObject":{"method":"POST","path":"/chat","param":{},"body":{"question":"to 5 movies to watch"}},"resObject":{"statusCode":200}} 
2023-03-23 22:43:33 INFO  {"reqObject":{"method":"POST","path":"/chat","param":{},"body":{"question":"to 5 movies to watch"}},"resObject":{"statusCode":200}} 
2023-03-23 22:43:57 INFO  {"reqObject":{"method":"POST","path":"/chat","param":{},"body":{"question":"to 5 movies to watch"}},"resObject":{"statusCode":200}} 
2023-03-23 22:45:10 INFO  {"reqObject":{"method":"POST","path":"/chat","param":{},"body":{"question":"top 5 movies"}},"resObject":{"statusCode":200}} 
2023-03-23 22:45:55 INFO  {"reqObject":{"method":"POST","path":"/chat","param":{},"body":{"question":"top 5 movies"}},"resObject":{"statusCode":200}} 
2023-03-23 22:46:21 INFO  {"reqObject":{"method":"POST","path":"/chat","param":{},"body":{"question":"top 5 movies"}},"resObject":{"statusCode":200}} 
2023-03-23 22:46:51 INFO  {"reqObject":{"method":"POST","path":"/chat","param":{},"body":{"question":"top 5 movies"}},"resObject":{"statusCode":200}} 
2023-03-23 22:52:02 INFO  {"reqObject":{"method":"POST","path":"/chat","param":{},"body":{"question":"top 5 tv shows"}},"resObject":{"statusCode":200}} 
